<?xml version="1.0" encoding="UTF-8"?>
<testsuites>
  <testsuite name="fastlane.lanes">
    
    
    
      
      <testcase classname="fastlane.lanes" name="0: match" time="37.896339">
        
      </testcase>
    
      
      <testcase classname="fastlane.lanes" name="1: cordova" time="12.756433">
        
          <failure message="/Library/Ruby/Gems/2.6.0/gems/fastlane-2.151.2/fastlane/lib/fastlane/actions/actions_helper.rb:48:in `execute_action'&#10;/Library/Ruby/Gems/2.6.0/gems/fastlane-2.151.2/fastlane/lib/fastlane/runner.rb:253:in `block in execute_action'&#10;/Library/Ruby/Gems/2.6.0/gems/fastlane-2.151.2/fastlane/lib/fastlane/runner.rb:227:in `chdir'&#10;/Library/Ruby/Gems/2.6.0/gems/fastlane-2.151.2/fastlane/lib/fastlane/runner.rb:227:in `execute_action'&#10;/Library/Ruby/Gems/2.6.0/gems/fastlane-2.151.2/fastlane/lib/fastlane/runner.rb:157:in `trigger_action_by_name'&#10;/Library/Ruby/Gems/2.6.0/gems/fastlane-2.151.2/fastlane/lib/fastlane/fast_file.rb:159:in `method_missing'&#10;Fastfile:8:in `block (2 levels) in parsing_binding'&#10;/Library/Ruby/Gems/2.6.0/gems/fastlane-2.151.2/fastlane/lib/fastlane/lane.rb:33:in `call'&#10;/Library/Ruby/Gems/2.6.0/gems/fastlane-2.151.2/fastlane/lib/fastlane/runner.rb:49:in `block in execute'&#10;/Library/Ruby/Gems/2.6.0/gems/fastlane-2.151.2/fastlane/lib/fastlane/runner.rb:45:in `chdir'&#10;/Library/Ruby/Gems/2.6.0/gems/fastlane-2.151.2/fastlane/lib/fastlane/runner.rb:45:in `execute'&#10;/Library/Ruby/Gems/2.6.0/gems/fastlane-2.151.2/fastlane/lib/fastlane/lane_manager.rb:47:in `cruise_lane'&#10;/Library/Ruby/Gems/2.6.0/gems/fastlane-2.151.2/fastlane/lib/fastlane/command_line_handler.rb:36:in `handle'&#10;/Library/Ruby/Gems/2.6.0/gems/fastlane-2.151.2/fastlane/lib/fastlane/commands_generator.rb:108:in `block (2 levels) in run'&#10;/Library/Ruby/Gems/2.6.0/gems/commander-fastlane-4.4.6/lib/commander/command.rb:178:in `call'&#10;/Library/Ruby/Gems/2.6.0/gems/commander-fastlane-4.4.6/lib/commander/command.rb:153:in `run'&#10;/Library/Ruby/Gems/2.6.0/gems/commander-fastlane-4.4.6/lib/commander/runner.rb:476:in `run_active_command'&#10;/Library/Ruby/Gems/2.6.0/gems/fastlane-2.151.2/fastlane_core/lib/fastlane_core/ui/fastlane_runner.rb:76:in `run!'&#10;/Library/Ruby/Gems/2.6.0/gems/commander-fastlane-4.4.6/lib/commander/delegates.rb:15:in `run!'&#10;/Library/Ruby/Gems/2.6.0/gems/fastlane-2.151.2/fastlane/lib/fastlane/commands_generator.rb:352:in `run'&#10;/Library/Ruby/Gems/2.6.0/gems/fastlane-2.151.2/fastlane/lib/fastlane/commands_generator.rb:41:in `start'&#10;/Library/Ruby/Gems/2.6.0/gems/fastlane-2.151.2/fastlane/lib/fastlane/cli_tools_distributor.rb:119:in `take_off'&#10;/Library/Ruby/Gems/2.6.0/gems/fastlane-2.151.2/bin/fastlane:23:in `&lt;top (required)&gt;'&#10;/usr/local/bin/fastlane:23:in `load'&#10;/usr/local/bin/fastlane:23:in `&lt;top (required)&gt;'&#10;/Library/Ruby/Gems/2.6.0/gems/bundler-2.1.4/lib/bundler/cli/exec.rb:63:in `load'&#10;/Library/Ruby/Gems/2.6.0/gems/bundler-2.1.4/lib/bundler/cli/exec.rb:63:in `kernel_load'&#10;/Library/Ruby/Gems/2.6.0/gems/bundler-2.1.4/lib/bundler/cli/exec.rb:28:in `run'&#10;/Library/Ruby/Gems/2.6.0/gems/bundler-2.1.4/lib/bundler/cli.rb:476:in `exec'&#10;/Library/Ruby/Gems/2.6.0/gems/bundler-2.1.4/lib/bundler/vendor/thor/lib/thor/command.rb:27:in `run'&#10;/Library/Ruby/Gems/2.6.0/gems/bundler-2.1.4/lib/bundler/vendor/thor/lib/thor/invocation.rb:127:in `invoke_command'&#10;/Library/Ruby/Gems/2.6.0/gems/bundler-2.1.4/lib/bundler/vendor/thor/lib/thor.rb:399:in `dispatch'&#10;/Library/Ruby/Gems/2.6.0/gems/bundler-2.1.4/lib/bundler/cli.rb:30:in `dispatch'&#10;/Library/Ruby/Gems/2.6.0/gems/bundler-2.1.4/lib/bundler/vendor/thor/lib/thor/base.rb:476:in `start'&#10;/Library/Ruby/Gems/2.6.0/gems/bundler-2.1.4/lib/bundler/cli.rb:24:in `start'&#10;/Library/Ruby/Gems/2.6.0/gems/bundler-2.1.4/exe/bundle:46:in `block in &lt;top (required)&gt;'&#10;/Library/Ruby/Gems/2.6.0/gems/bundler-2.1.4/lib/bundler/friendly_errors.rb:123:in `with_friendly_errors'&#10;/Library/Ruby/Gems/2.6.0/gems/bundler-2.1.4/exe/bundle:34:in `&lt;top (required)&gt;'&#10;/usr/bin/bundle:23:in `load'&#10;/usr/bin/bundle:23:in `&lt;main&gt;'&#10;&#10;Exit status of command 'npx --no-install cordova compile ios --release --device --packageType=app-store --developmentTeam=2KT88923M5 --provisioningProfile=637ffb70-5685-44d1-9760-660730073994 -- ' was 65 instead of 0.&#10;Building project: /Users/harel/IHM/Site/IsraelHiking.Web/platforms/ios/Israel Hiking Map.xcworkspace&#10;	Configuration: Release&#10;	Platform: device&#10;	Target: &#10;Running command: xcodebuild -workspace Israel Hiking Map.xcworkspace -scheme Israel Hiking Map -configuration Release -destination generic/platform=iOS -archivePath Israel Hiking Map.xcarchive archive CONFIGURATION_BUILD_DIR=/Users/harel/IHM/Site/IsraelHiking.Web/platforms/ios/build/device SHARED_PRECOMPS_DIR=/Users/harel/IHM/Site/IsraelHiking.Web/platforms/ios/build/sharedpch&#10;Command line invocation:&#10;    /Applications/Xcode.app/Contents/Developer/usr/bin/xcodebuild -workspace &quot;Israel Hiking Map.xcworkspace&quot; -scheme &quot;Israel Hiking Map&quot; -configuration Release -destination generic/platform=iOS -archivePath &quot;Israel Hiking Map.xcarchive&quot; archive CONFIGURATION_BUILD_DIR=/Users/harel/IHM/Site/IsraelHiking.Web/platforms/ios/build/device SHARED_PRECOMPS_DIR=/Users/harel/IHM/Site/IsraelHiking.Web/platforms/ios/build/sharedpch&#10;&#10;User defaults from command line:&#10;    IDEArchivePathOverride = /Users/harel/IHM/Site/IsraelHiking.Web/platforms/ios/Israel Hiking Map.xcarchive&#10;&#10;Build settings from command line:&#10;    CONFIGURATION_BUILD_DIR = /Users/harel/IHM/Site/IsraelHiking.Web/platforms/ios/build/device&#10;    SHARED_PRECOMPS_DIR = /Users/harel/IHM/Site/IsraelHiking.Web/platforms/ios/build/sharedpch&#10;&#10;note: Using new build system&#10;note: Building targets in parallel&#10;note: Planning build&#10;note: Constructing build description&#10;error: Provisioning profile &quot;appveyor&quot; doesn't include signing certificate &quot;Apple Distribution: Mazor Harel (2KT88923M5)&quot;. (in target 'Israel Hiking Map' from project 'Israel Hiking Map')&#10;&#10;** ARCHIVE FAILED **&#10;&#10;xcodebuild: Command failed with exit code 65&#10;" />
        
      </testcase>
    
  </testsuite>
</testsuites>
